<?xml version="1.0" encoding="UTF-8"?>
<!-- Generated by org.testng.reporters.JUnitReportReporter -->
<testsuite hostname="MSI" failures="0" tests="4" name="api.testcases.UserTest" time="7.506" errors="0" timestamp="2024-10-14T00:09:44 IST" skipped="0">
  <testcase classname="api.testcases.UserTest" name="testCreateUser" time="2.997"/>
  <system-out/>
  <testcase classname="api.testcases.UserTest" name="testGetUserData" time="1.148"/>
  <system-out/>
  <testcase classname="api.testcases.UserTest" name="testUpdateUser" time="2.277"/>
  <system-out/>
  <testcase classname="api.testcases.UserTest" name="testDeleteUser" time="1.084"/>
  <system-out/>
</testsuite> <!-- api.testcases.UserTest -->
