<?xml version="1.0" encoding="UTF-8"?>
<!-- Generated by org.testng.reporters.JUnitReportReporter -->
<testsuite hostname="MSI" failures="0" tests="12" name="api.testcases.UserTestDD" time="15.331" errors="0" timestamp="2024-10-13T22:24:36 IST" skipped="0">
  <testcase classname="api.testcases.UserTestDD" name="testCreateUser" time="1.353"/>
  <system-out/>
  <testcase classname="api.testcases.UserTestDD" name="testCreateUser" time="1.240"/>
  <system-out/>
  <testcase classname="api.testcases.UserTestDD" name="testCreateUser" time="1.176"/>
  <system-out/>
  <testcase classname="api.testcases.UserTestDD" name="testCreateUser" time="1.290"/>
  <system-out/>
  <testcase classname="api.testcases.UserTestDD" name="testGetUserData" time="1.236"/>
  <system-out/>
  <testcase classname="api.testcases.UserTestDD" name="testGetUserData" time="1.218"/>
  <system-out/>
  <testcase classname="api.testcases.UserTestDD" name="testGetUserData" time="1.331"/>
  <system-out/>
  <testcase classname="api.testcases.UserTestDD" name="testGetUserData" time="1.418"/>
  <system-out/>
  <testcase classname="api.testcases.UserTestDD" name="testDeleteUser" time="1.399"/>
  <system-out/>
  <testcase classname="api.testcases.UserTestDD" name="testDeleteUser" time="1.134"/>
  <system-out/>
  <testcase classname="api.testcases.UserTestDD" name="testDeleteUser" time="1.298"/>
  <system-out/>
  <testcase classname="api.testcases.UserTestDD" name="testDeleteUser" time="1.238"/>
  <system-out/>
</testsuite> <!-- api.testcases.UserTestDD -->
