<?xml version="1.0" encoding="UTF-8"?>
<!-- Generated by org.testng.reporters.JUnitReportReporter -->
<testsuite hostname="MSI" failures="0" tests="4" name="api.testcases.UserTest" time="7.749" errors="0" timestamp="2024-10-14T00:21:14 IST" skipped="0">
  <testcase classname="api.testcases.UserTest" name="testCreateUser" time="3.196"/>
  <system-out/>
  <testcase classname="api.testcases.UserTest" name="testGetUserData" time="1.183"/>
  <system-out/>
  <testcase classname="api.testcases.UserTest" name="testUpdateUser" time="2.258"/>
  <system-out/>
  <testcase classname="api.testcases.UserTest" name="testDeleteUser" time="1.112"/>
  <system-out/>
</testsuite> <!-- api.testcases.UserTest -->
